This is pdfTeX, Version 3.14159265-2.6-1.40.17 (TeX Live 2016) (preloaded format=pdflatex 2017.3.28)  15 JUN 2017 18:01
entering extended mode
 restricted \write18 enabled.
 %&-line parsing enabled.
**analysis.tex
(./analysis.tex
LaTeX2e <2016/03/31>
Babel <3.9r> and hyphenation patterns for 83 language(s) loaded.
(/usr/local/texlive/2016/texmf-dist/tex/latex/base/article.cls
Document Class: article 2014/09/29 v1.4h Standard LaTeX document class
(/usr/local/texlive/2016/texmf-dist/tex/latex/base/size10.clo
File: size10.clo 2014/09/29 v1.4h Standard LaTeX file (size option)
)
\c@part=\count79
\c@section=\count80
\c@subsection=\count81
\c@subsubsection=\count82
\c@paragraph=\count83
\c@subparagraph=\count84
\c@figure=\count85
\c@table=\count86
\abovecaptionskip=\skip41
\belowcaptionskip=\skip42
\bibindent=\dimen102
)
(/usr/local/texlive/2016/texmf-dist/tex/latex/float/float.sty
Package: float 2001/11/08 v1.3d Float enhancements (AL)
\c@float@type=\count87
\float@exts=\toks14
\float@box=\box26
\@float@everytoks=\toks15
\@floatcapt=\box27
)
(/usr/local/texlive/2016/texmf-dist/tex/latex/graphics/graphicx.sty
Package: graphicx 2014/10/28 v1.0g Enhanced LaTeX Graphics (DPC,SPQR)

(/usr/local/texlive/2016/texmf-dist/tex/latex/graphics/keyval.sty
Package: keyval 2014/10/28 v1.15 key=value parser (DPC)
\KV@toks@=\toks16
)
(/usr/local/texlive/2016/texmf-dist/tex/latex/graphics/graphics.sty
Package: graphics 2016/05/09 v1.0r Standard LaTeX Graphics (DPC,SPQR)

(/usr/local/texlive/2016/texmf-dist/tex/latex/graphics/trig.sty
Package: trig 2016/01/03 v1.10 sin cos tan (DPC)
)
(/usr/local/texlive/2016/texmf-dist/tex/latex/graphics-cfg/graphics.cfg
File: graphics.cfg 2016/01/02 v1.10 sample graphics configuration
)
Package graphics Info: Driver file: pdftex.def on input line 96.

(/usr/local/texlive/2016/texmf-dist/tex/latex/pdftex-def/pdftex.def
File: pdftex.def 2011/05/27 v0.06d Graphics/color for pdfTeX

(/usr/local/texlive/2016/texmf-dist/tex/generic/oberdiek/infwarerr.sty
Package: infwarerr 2016/05/16 v1.4 Providing info/warning/error messages (HO)
)
(/usr/local/texlive/2016/texmf-dist/tex/generic/oberdiek/ltxcmds.sty
Package: ltxcmds 2016/05/16 v1.23 LaTeX kernel commands for general use (HO)
)
\Gread@gobject=\count88
))
\Gin@req@height=\dimen103
\Gin@req@width=\dimen104
)
(/usr/local/texlive/2016/texmf-dist/tex/latex/subfigure/subfigure.sty
Package: subfigure 2002/03/15 v2.1.5 subfigure package
\subfigtopskip=\skip43
\subfigcapskip=\skip44
\subfigcaptopadj=\dimen105
\subfigbottomskip=\skip45
\subfigcapmargin=\dimen106
\subfiglabelskip=\skip46
\c@subfigure=\count89
\c@lofdepth=\count90
\c@subtable=\count91
\c@lotdepth=\count92

****************************************
* Local config file subfigure.cfg used *
****************************************
(/usr/local/texlive/2016/texmf-dist/tex/latex/subfigure/subfigure.cfg)
\subfig@top=\skip47
\subfig@bottom=\skip48
)
(/usr/local/texlive/2016/texmf-dist/tex/latex/psnfss/mathpazo.sty
Package: mathpazo 2005/04/12 PSNFSS-v9.2a Palatino w/ Pazo Math (D.Puga, WaS) 
\symupright=\mathgroup4
)
(/usr/local/texlive/2016/texmf-dist/tex/latex/base/fontenc.sty
Package: fontenc 2005/09/27 v1.99g Standard LaTeX package

(/usr/local/texlive/2016/texmf-dist/tex/latex/base/t1enc.def
File: t1enc.def 2005/09/27 v1.99g Standard LaTeX file
LaTeX Font Info:    Redeclaring font encoding T1 on input line 48.
))
(/usr/local/texlive/2016/texmf-dist/tex/latex/microtype/microtype.sty
Package: microtype 2016/05/14 v2.6a Micro-typographical refinements (RS)
\MT@toks=\toks17
\MT@count=\count93
LaTeX Info: Redefining \textls on input line 774.
\MT@outer@kern=\dimen107
LaTeX Info: Redefining \textmicrotypecontext on input line 1310.
\MT@listname@count=\count94

(/usr/local/texlive/2016/texmf-dist/tex/latex/microtype/microtype-pdftex.def
File: microtype-pdftex.def 2016/05/14 v2.6a Definitions specific to pdftex (RS)

LaTeX Info: Redefining \lsstyle on input line 916.
LaTeX Info: Redefining \lslig on input line 916.
\MT@outer@space=\skip49
)
Package microtype Info: Loading configuration file microtype.cfg.

(/usr/local/texlive/2016/texmf-dist/tex/latex/microtype/microtype.cfg
File: microtype.cfg 2016/05/14 v2.6a microtype main configuration file (RS)
))
(/usr/local/texlive/2016/texmf-dist/tex/generic/babel/babel.sty
Package: babel 2016/04/23 3.9r The Babel package

(/usr/local/texlive/2016/texmf-dist/tex/generic/babel-english/english.ldf
Language: english 2012/08/20 v3.3p English support from the babel system

(/usr/local/texlive/2016/texmf-dist/tex/generic/babel/babel.def
File: babel.def 2016/04/23 3.9r Babel common definitions
\babel@savecnt=\count95
\U@D=\dimen108
)
\l@canadian = a dialect from \language\l@american 
\l@australian = a dialect from \language\l@british 
\l@newzealand = a dialect from \language\l@british 
))
(/usr/local/texlive/2016/texmf-dist/tex/latex/geometry/geometry.sty
Package: geometry 2010/09/12 v5.6 Page Geometry

(/usr/local/texlive/2016/texmf-dist/tex/generic/oberdiek/ifpdf.sty
Package: ifpdf 2016/05/14 v3.1 Provides the ifpdf switch
)
(/usr/local/texlive/2016/texmf-dist/tex/generic/oberdiek/ifvtex.sty
Package: ifvtex 2016/05/16 v1.6 Detect VTeX and its facilities (HO)
Package ifvtex Info: VTeX not detected.
)
(/usr/local/texlive/2016/texmf-dist/tex/generic/ifxetex/ifxetex.sty
Package: ifxetex 2010/09/12 v0.6 Provides ifxetex conditional
)
\Gm@cnth=\count96
\Gm@cntv=\count97
\c@Gm@tempcnt=\count98
\Gm@bindingoffset=\dimen109
\Gm@wd@mp=\dimen110
\Gm@odd@mp=\dimen111
\Gm@even@mp=\dimen112
\Gm@layoutwidth=\dimen113
\Gm@layoutheight=\dimen114
\Gm@layouthoffset=\dimen115
\Gm@layoutvoffset=\dimen116
\Gm@dimlist=\toks18
)
(/usr/local/texlive/2016/texmf-dist/tex/latex/caption/caption.sty
Package: caption 2016/02/21 v3.3-144 Customizing captions (AR)

(/usr/local/texlive/2016/texmf-dist/tex/latex/caption/caption3.sty
Package: caption3 2016/02/04 v1.7-139 caption3 kernel (AR)
Package caption3 Info: TeX engine: e-TeX on input line 67.
\captionmargin=\dimen117
\captionmargin@=\dimen118
\captionwidth=\dimen119
\caption@tempdima=\dimen120
\caption@indent=\dimen121
\caption@parindent=\dimen122
\caption@hangindent=\dimen123
)
\c@ContinuedFloat=\count99
Package caption Info: float package is loaded.
Package caption Info: subfigure package is loaded.
)
(/usr/local/texlive/2016/texmf-dist/tex/latex/booktabs/booktabs.sty
Package: booktabs 2016/04/27 v1.618033 publication quality tables
\heavyrulewidth=\dimen124
\lightrulewidth=\dimen125
\cmidrulewidth=\dimen126
\belowrulesep=\dimen127
\belowbottomsep=\dimen128
\aboverulesep=\dimen129
\abovetopsep=\dimen130
\cmidrulesep=\dimen131
\cmidrulekern=\dimen132
\defaultaddspace=\dimen133
\@cmidla=\count100
\@cmidlb=\count101
\@aboverulesep=\dimen134
\@belowrulesep=\dimen135
\@thisruleclass=\count102
\@lastruleclass=\count103
\@thisrulewidth=\dimen136
)
(/usr/local/texlive/2016/texmf-dist/tex/latex/lettrine/lettrine.sty
File: lettrine.sty 2015/08/31 v1.9 (Daniel Flipo)
\c@DefaultLines=\count104
\c@DefaultDepth=\count105
\DefaultFindent=\dimen137
\DefaultNindent=\dimen138
\DefaultSlope=\dimen139
\DiscardVskip=\dimen140
\L@lbox=\box28
\L@tbox=\box29
\c@L@lines=\count106
\c@L@depth=\count107
\L@Pindent=\dimen141
\L@Findent=\dimen142
\L@Nindent=\dimen143
\L@lraise=\dimen144
\L@first=\dimen145
\L@next=\dimen146
\L@slope=\dimen147
\L@height=\dimen148
\L@novskip=\dimen149
\LettrineWidth=\dimen150
\LettrineHeight=\dimen151
\LettrineDepth=\dimen152

Loading lettrine.cfg
(/usr/local/texlive/2016/texmf-dist/tex/latex/lettrine/lettrine.cfg))
(/usr/local/texlive/2016/texmf-dist/tex/latex/enumitem/enumitem.sty
Package: enumitem 2011/09/28 v3.5.2 Customized lists
\labelindent=\skip50
\enit@outerparindent=\dimen153
\enit@toks=\toks19
\enit@inbox=\box30
\enitdp@description=\count108
)
(/usr/local/texlive/2016/texmf-dist/tex/latex/abstract/abstract.sty
Package: abstract 2009/06/08 v1.2a configurable abstracts
\abstitleskip=\skip51
\absleftindent=\skip52
\absrightindent=\skip53
\absparindent=\skip54
\absparsep=\skip55
)
(/usr/local/texlive/2016/texmf-dist/tex/latex/titlesec/titlesec.sty
Package: titlesec 2016/03/21 v2.10.2 Sectioning titles
\ttl@box=\box31
\beforetitleunit=\skip56
\aftertitleunit=\skip57
\ttl@plus=\dimen154
\ttl@minus=\dimen155
\ttl@toksa=\toks20
\titlewidth=\dimen156
\titlewidthlast=\dimen157
\titlewidthfirst=\dimen158
)
(/usr/local/texlive/2016/texmf-dist/tex/latex/titlesec/block.tss
File: block.tss 2016/03/15
)
(/usr/local/texlive/2016/texmf-dist/tex/latex/fancyhdr/fancyhdr.sty
\fancy@headwidth=\skip58
\f@ncyO@elh=\skip59
\f@ncyO@erh=\skip60
\f@ncyO@olh=\skip61
\f@ncyO@orh=\skip62
\f@ncyO@elf=\skip63
\f@ncyO@erf=\skip64
\f@ncyO@olf=\skip65
\f@ncyO@orf=\skip66
)
(/usr/local/texlive/2016/texmf-dist/tex/latex/titling/titling.sty
Package: titling 2009/09/04 v2.1d maketitle typesetting
\thanksmarkwidth=\skip67
\thanksmargin=\skip68
\droptitle=\skip69
)
(/usr/local/texlive/2016/texmf-dist/tex/latex/hyperref/hyperref.sty
Package: hyperref 2016/05/05 v6.83n Hypertext links for LaTeX

(/usr/local/texlive/2016/texmf-dist/tex/generic/oberdiek/hobsub-hyperref.sty
Package: hobsub-hyperref 2016/05/16 v1.14 Bundle oberdiek, subset hyperref (HO)


(/usr/local/texlive/2016/texmf-dist/tex/generic/oberdiek/hobsub-generic.sty
Package: hobsub-generic 2016/05/16 v1.14 Bundle oberdiek, subset generic (HO)
Package: hobsub 2016/05/16 v1.14 Construct package bundles (HO)
Package hobsub Info: Skipping package `infwarerr' (already loaded).
Package hobsub Info: Skipping package `ltxcmds' (already loaded).
Package: ifluatex 2016/05/16 v1.4 Provides the ifluatex switch (HO)
Package ifluatex Info: LuaTeX not detected.
Package hobsub Info: Skipping package `ifvtex' (already loaded).
Package: intcalc 2016/05/16 v1.2 Expandable calculations with integers (HO)
Package hobsub Info: Skipping package `ifpdf' (already loaded).
Package: etexcmds 2016/05/16 v1.6 Avoid name clashes with e-TeX commands (HO)
Package etexcmds Info: Could not find \expanded.
(etexcmds)             That can mean that you are not using pdfTeX 1.50 or
(etexcmds)             that some package has redefined \expanded.
(etexcmds)             In the latter case, load this package earlier.
Package: kvsetkeys 2016/05/16 v1.17 Key value parser (HO)
Package: kvdefinekeys 2016/05/16 v1.4 Define keys (HO)
Package: pdftexcmds 2016/05/10 v0.21 Utility functions of pdfTeX for LuaTeX (HO
)
Package pdftexcmds Info: LuaTeX not detected.
Package pdftexcmds Info: \pdf@primitive is available.
Package pdftexcmds Info: \pdf@ifprimitive is available.
Package pdftexcmds Info: \pdfdraftmode found.
Package: pdfescape 2016/05/16 v1.14 Implements pdfTeX's escape features (HO)
Package: bigintcalc 2016/05/16 v1.4 Expandable calculations on big integers (HO
)
Package: bitset 2016/05/16 v1.2 Handle bit-vector datatype (HO)
Package: uniquecounter 2016/05/16 v1.3 Provide unlimited unique counter (HO)
)
Package hobsub Info: Skipping package `hobsub' (already loaded).
Package: letltxmacro 2016/05/16 v1.5 Let assignment for LaTeX macros (HO)
Package: hopatch 2016/05/16 v1.3 Wrapper for package hooks (HO)
Package: xcolor-patch 2016/05/16 xcolor patch
Package: atveryend 2016/05/16 v1.9 Hooks at the very end of document (HO)
Package atveryend Info: \enddocument detected (standard20110627).
Package: atbegshi 2016/05/16 v1.17 At begin shipout hook (HO)
Package: refcount 2016/05/16 v3.5 Data extraction from label references (HO)
Package: hycolor 2016/05/16 v1.8 Color options for hyperref/bookmark (HO)
)
(/usr/local/texlive/2016/texmf-dist/tex/latex/oberdiek/auxhook.sty
Package: auxhook 2016/05/16 v1.4 Hooks for auxiliary files (HO)
)
(/usr/local/texlive/2016/texmf-dist/tex/latex/oberdiek/kvoptions.sty
Package: kvoptions 2016/05/16 v3.12 Key value format for package options (HO)
)
\@linkdim=\dimen159
\Hy@linkcounter=\count109
\Hy@pagecounter=\count110

(/usr/local/texlive/2016/texmf-dist/tex/latex/hyperref/pd1enc.def
File: pd1enc.def 2016/05/05 v6.83n Hyperref: PDFDocEncoding definition (HO)
)
\Hy@SavedSpaceFactor=\count111

(/usr/local/texlive/2016/texmf-dist/tex/latex/latexconfig/hyperref.cfg
File: hyperref.cfg 2002/06/06 v1.2 hyperref configuration of TeXLive
)
Package hyperref Info: Hyper figures OFF on input line 4446.
Package hyperref Info: Link nesting OFF on input line 4451.
Package hyperref Info: Hyper index ON on input line 4454.
Package hyperref Info: Plain pages OFF on input line 4461.
Package hyperref Info: Backreferencing OFF on input line 4466.
Package hyperref Info: Implicit mode ON; LaTeX internals redefined.
Package hyperref Info: Bookmarks ON on input line 4691.
\c@Hy@tempcnt=\count112

(/usr/local/texlive/2016/texmf-dist/tex/latex/url/url.sty
\Urlmuskip=\muskip10
Package: url 2013/09/16  ver 3.4  Verb mode for urls, etc.
)
LaTeX Info: Redefining \url on input line 5044.
\XeTeXLinkMargin=\dimen160
\Fld@menulength=\count113
\Field@Width=\dimen161
\Fld@charsize=\dimen162
Package hyperref Info: Hyper figures OFF on input line 6298.
Package hyperref Info: Link nesting OFF on input line 6303.
Package hyperref Info: Hyper index ON on input line 6306.
Package hyperref Info: backreferencing OFF on input line 6313.
Package hyperref Info: Link coloring OFF on input line 6318.
Package hyperref Info: Link coloring with OCG OFF on input line 6323.
Package hyperref Info: PDF/A mode OFF on input line 6328.
LaTeX Info: Redefining \ref on input line 6368.
LaTeX Info: Redefining \pageref on input line 6372.
\Hy@abspage=\count114
\c@Item=\count115
\c@Hfootnote=\count116
)

Package hyperref Message: Driver (autodetected): hpdftex.

(/usr/local/texlive/2016/texmf-dist/tex/latex/hyperref/hpdftex.def
File: hpdftex.def 2016/05/05 v6.83n Hyperref driver for pdfTeX
\Fld@listcount=\count117
\c@bookmark@seq@number=\count118

(/usr/local/texlive/2016/texmf-dist/tex/latex/oberdiek/rerunfilecheck.sty
Package: rerunfilecheck 2016/05/16 v1.8 Rerun checks for auxiliary files (HO)
Package uniquecounter Info: New unique counter `rerunfilecheck' on input line 2
82.
)
\Hy@SectionHShift=\skip70
)

LaTeX Warning: Unused global option(s):
    [A4paper].

(./analysis.aux

LaTeX Warning: Label `fig:b' multiply defined.


LaTeX Warning: Label `sub@fig:b' multiply defined.


LaTeX Warning: Label `fig:b' multiply defined.


LaTeX Warning: Label `sub@fig:b' multiply defined.


LaTeX Warning: Label `fig:b' multiply defined.


LaTeX Warning: Label `sub@fig:b' multiply defined.


LaTeX Warning: Label `fig' multiply defined.


LaTeX Warning: Label `fig:a' multiply defined.


LaTeX Warning: Label `sub@fig:a' multiply defined.


LaTeX Warning: Label `fig:b' multiply defined.


LaTeX Warning: Label `sub@fig:b' multiply defined.


LaTeX Warning: Label `fig:b' multiply defined.


LaTeX Warning: Label `sub@fig:b' multiply defined.


LaTeX Warning: Label `fig:a' multiply defined.


LaTeX Warning: Label `sub@fig:a' multiply defined.


LaTeX Warning: Label `fig' multiply defined.


LaTeX Warning: Label `fig:b' multiply defined.


LaTeX Warning: Label `sub@fig:b' multiply defined.


LaTeX Warning: Label `fig:b' multiply defined.


LaTeX Warning: Label `sub@fig:b' multiply defined.


LaTeX Warning: Label `fig:a' multiply defined.


LaTeX Warning: Label `sub@fig:a' multiply defined.


LaTeX Warning: Label `fig:b' multiply defined.


LaTeX Warning: Label `sub@fig:b' multiply defined.


LaTeX Warning: Label `fig' multiply defined.


LaTeX Warning: Label `fig:b' multiply defined.


LaTeX Warning: Label `sub@fig:b' multiply defined.


LaTeX Warning: Label `fig:b' multiply defined.


LaTeX Warning: Label `sub@fig:b' multiply defined.


LaTeX Warning: Label `fig:b' multiply defined.


LaTeX Warning: Label `sub@fig:b' multiply defined.


LaTeX Warning: Label `fig:b' multiply defined.


LaTeX Warning: Label `sub@fig:b' multiply defined.


LaTeX Warning: Label `fig' multiply defined.


LaTeX Warning: Label `fig:b' multiply defined.


LaTeX Warning: Label `sub@fig:b' multiply defined.


LaTeX Warning: Label `fig:b' multiply defined.


LaTeX Warning: Label `sub@fig:b' multiply defined.


LaTeX Warning: Label `fig' multiply defined.


LaTeX Warning: Label `fig:a' multiply defined.


LaTeX Warning: Label `sub@fig:a' multiply defined.


LaTeX Warning: Label `fig:b' multiply defined.


LaTeX Warning: Label `sub@fig:b' multiply defined.


LaTeX Warning: Label `fig:b' multiply defined.


LaTeX Warning: Label `sub@fig:b' multiply defined.


LaTeX Warning: Label `fig:a' multiply defined.


LaTeX Warning: Label `sub@fig:a' multiply defined.


LaTeX Warning: Label `fig' multiply defined.


LaTeX Warning: Label `fig:b' multiply defined.


LaTeX Warning: Label `sub@fig:b' multiply defined.


LaTeX Warning: Label `fig:b' multiply defined.


LaTeX Warning: Label `sub@fig:b' multiply defined.


LaTeX Warning: Label `fig:a' multiply defined.


LaTeX Warning: Label `sub@fig:a' multiply defined.


LaTeX Warning: Label `fig:b' multiply defined.


LaTeX Warning: Label `sub@fig:b' multiply defined.


LaTeX Warning: Label `fig' multiply defined.


LaTeX Warning: Label `fig:b' multiply defined.


LaTeX Warning: Label `sub@fig:b' multiply defined.


LaTeX Warning: Label `fig:b' multiply defined.


LaTeX Warning: Label `sub@fig:b' multiply defined.


LaTeX Warning: Label `fig:b' multiply defined.


LaTeX Warning: Label `sub@fig:b' multiply defined.


LaTeX Warning: Label `fig:b' multiply defined.


LaTeX Warning: Label `sub@fig:b' multiply defined.


LaTeX Warning: Label `fig' multiply defined.

)
\openout1 = `analysis.aux'.

LaTeX Font Info:    Checking defaults for OML/cmm/m/it on input line 73.
LaTeX Font Info:    ... okay on input line 73.
LaTeX Font Info:    Checking defaults for T1/cmr/m/n on input line 73.
LaTeX Font Info:    ... okay on input line 73.
LaTeX Font Info:    Checking defaults for OT1/cmr/m/n on input line 73.
LaTeX Font Info:    ... okay on input line 73.
LaTeX Font Info:    Checking defaults for OMS/cmsy/m/n on input line 73.
LaTeX Font Info:    ... okay on input line 73.
LaTeX Font Info:    Checking defaults for OMX/cmex/m/n on input line 73.
LaTeX Font Info:    ... okay on input line 73.
LaTeX Font Info:    Checking defaults for U/cmr/m/n on input line 73.
LaTeX Font Info:    ... okay on input line 73.
LaTeX Font Info:    Checking defaults for PD1/pdf/m/n on input line 73.
LaTeX Font Info:    ... okay on input line 73.
LaTeX Font Info:    Try loading font information for T1+pplx on input line 73.
 (/usr/local/texlive/2016/texmf-dist/tex/latex/psnfss/t1pplx.fd
File: t1pplx.fd 2004/09/06 font definitions for T1/pplx.
)
(/usr/local/texlive/2016/texmf-dist/tex/context/base/mkii/supp-pdf.mkii
[Loading MPS to PDF converter (version 2006.09.02).]
\scratchcounter=\count119
\scratchdimen=\dimen163
\scratchbox=\box32
\nofMPsegments=\count120
\nofMParguments=\count121
\everyMPshowfont=\toks21
\MPscratchCnt=\count122
\MPscratchDim=\dimen164
\MPnumerator=\count123
\makeMPintoPDFobject=\count124
\everyMPtoPDFconversion=\toks22
) (/usr/local/texlive/2016/texmf-dist/tex/latex/oberdiek/epstopdf-base.sty
Package: epstopdf-base 2016/05/15 v2.6 Base part for package epstopdf

(/usr/local/texlive/2016/texmf-dist/tex/latex/oberdiek/grfext.sty
Package: grfext 2016/05/16 v1.2 Manage graphics extensions (HO)
)
Package grfext Info: Graphics extension search list:
(grfext)             [.png,.pdf,.jpg,.mps,.jpeg,.jbig2,.jb2,.PNG,.PDF,.JPG,.JPE
G,.JBIG2,.JB2,.eps]
(grfext)             \AppendGraphicsExtensions on input line 456.

(/usr/local/texlive/2016/texmf-dist/tex/latex/latexconfig/epstopdf-sys.cfg
File: epstopdf-sys.cfg 2010/07/13 v1.3 Configuration of (r)epstopdf for TeX Liv
e
))
\big@size=\dimen165
LaTeX Info: Redefining \microtypecontext on input line 73.
Package microtype Info: Generating PDF output.
Package microtype Info: Character protrusion enabled (level 2).
Package microtype Info: Using default protrusion set `alltext'.
Package microtype Info: Automatic font expansion enabled (level 2),
(microtype)             stretch: 20, shrink: 20, step: 1, non-selected.
Package microtype Info: Using default expansion set `basictext'.
Package microtype Info: No adjustment of tracking.
Package microtype Info: No adjustment of interword spacing.
Package microtype Info: No adjustment of character kerning.

(/usr/local/texlive/2016/texmf-dist/tex/latex/microtype/mt-ppl.cfg
File: mt-ppl.cfg 2005/11/16 v1.6 microtype config. file: Palatino (RS)
)
*geometry* driver: auto-detecting
*geometry* detected driver: pdftex
*geometry* verbose mode - [ preamble ] result:
* driver: pdftex
* paper: <default>
* layout: <same size as paper>
* layoutoffset:(h,v)=(0.0pt,0.0pt)
* modes: twoside 
* h-part:(L,W,R)=(42.67912pt, 528.93675pt, 42.67912pt)
* v-part:(T,H,B)=(71.13188pt, 652.70622pt, 71.13188pt)
* \paperwidth=614.295pt
* \paperheight=794.96999pt
* \textwidth=528.93675pt
* \textheight=652.70622pt
* \oddsidemargin=-29.59087pt
* \evensidemargin=-29.59087pt
* \topmargin=-38.1381pt
* \headheight=12.0pt
* \headsep=25.0pt
* \topskip=10.0pt
* \footskip=30.0pt
* \marginparwidth=48.0pt
* \marginparsep=10.0pt
* \columnsep=10.0pt
* \skip\footins=9.0pt plus 4.0pt minus 2.0pt
* \hoffset=0.0pt
* \voffset=0.0pt
* \mag=1000
* \@twocolumntrue
* \@twosidetrue
* \@mparswitchtrue
* \@reversemarginfalse
* (1in=72.27pt=25.4mm, 1cm=28.453pt)

Package caption Info: Begin \AtBeginDocument code.
Package caption Info: hyperref package is loaded.
Package caption Info: End \AtBeginDocument code.
\AtBeginShipoutBox=\box33
Package hyperref Info: Link coloring OFF on input line 73.
(/usr/local/texlive/2016/texmf-dist/tex/latex/hyperref/nameref.sty
Package: nameref 2012/10/27 v2.43 Cross-referencing by name of section

(/usr/local/texlive/2016/texmf-dist/tex/generic/oberdiek/gettitlestring.sty
Package: gettitlestring 2016/05/16 v1.5 Cleanup title references (HO)
)
\c@section@level=\count125
)
LaTeX Info: Redefining \ref on input line 73.
LaTeX Info: Redefining \pageref on input line 73.
LaTeX Info: Redefining \nameref on input line 73.

(./analysis.out) (./analysis.out)
\@outlinefile=\write3
\openout3 = `analysis.out'.

LaTeX Font Info:    Font shape `T1/pplx/bx/n' in size <24.88> not available
(Font)              Font shape `T1/pplx/b/n' tried instead on input line 77.
LaTeX Font Info:    Try loading font information for OT1+pplx on input line 77.


(/usr/local/texlive/2016/texmf-dist/tex/latex/psnfss/ot1pplx.fd
File: ot1pplx.fd 2004/09/06 font definitions for OT1/pplx.
)
LaTeX Font Info:    Try loading font information for OML+zplm on input line 77.


(/usr/local/texlive/2016/texmf-dist/tex/latex/psnfss/omlzplm.fd
File: omlzplm.fd 2002/09/08 Fontinst v1.914 font definitions for OML/zplm.
)
LaTeX Font Info:    Try loading font information for OMS+zplm on input line 77.


(/usr/local/texlive/2016/texmf-dist/tex/latex/psnfss/omszplm.fd
File: omszplm.fd 2002/09/08 Fontinst v1.914 font definitions for OMS/zplm.
)
LaTeX Font Info:    Try loading font information for OMX+zplm on input line 77.


(/usr/local/texlive/2016/texmf-dist/tex/latex/psnfss/omxzplm.fd
File: omxzplm.fd 2002/09/08 Fontinst v1.914 font definitions for OMX/zplm.
)
LaTeX Font Info:    Try loading font information for OT1+zplm on input line 77.


(/usr/local/texlive/2016/texmf-dist/tex/latex/psnfss/ot1zplm.fd
File: ot1zplm.fd 2002/09/08 Fontinst v1.914 font definitions for OT1/zplm.
)
Package microtype Info: Loading generic settings for font family
(microtype)             `zplm' (encoding: OT1).
(microtype)             For optimal results, create family-specific settings.
(microtype)             See the microtype manual for details.
LaTeX Font Info:    Font shape `T1/pplx/bx/n' in size <10> not available
(Font)              Font shape `T1/pplx/b/n' tried instead on input line 77.
Package microtype Info: Character `029' is missing
(microtype)             in font `T1/pplx/m/sc/12'.
(microtype)             Ignoring protrusion settings for this character.
LaTeX Font Info:    Try loading font information for OMS+pplx on input line 90.

LaTeX Font Info:    No file OMSpplx.fd. on input line 90.


LaTeX Font Warning: Font shape `OMS/pplx/m/n' undefined
(Font)              using `OMS/cmsy/m/n' instead
(Font)              for symbol `textbullet' on input line 90.

<link3.png, id=49, 723.70375pt x 220.825pt>
File: link3.png Graphic file (type png)
 <use link3.png>
Package pdftex.def Info: link3.png used on input line 104.
(pdftex.def)             Requested size: 211.57147pt x 64.5565pt.
LaTeX Font Info:    Font shape `T1/pplx/bx/n' in size <9> not available
(Font)              Font shape `T1/pplx/b/n' tried instead on input line 105.

Underfull \vbox (badness 10000) has occurred while \output is active []


<link1.png, id=51, 528.97626pt x 385.44pt>
File: link1.png Graphic file (type png)
 <use link1.png>
Package pdftex.def Info: link1.png used on input line 109.
(pdftex.def)             Requested size: 211.57147pt x 154.1615pt.

<link2.png, id=52, 399.4925pt x 313.17pt>
File: link2.png Graphic file (type png)
 <use link2.png>
Package pdftex.def Info: link2.png used on input line 111.
(pdftex.def)             Requested size: 211.57147pt x 165.85506pt.

Underfull \vbox (badness 10000) has occurred while \output is active []

 [1{/usr/local/texlive/2016/texmf-var/fonts/map/pdftex/updmap/pdftex.map}


 <./link3.png>]
Underfull \hbox (badness 2556) in paragraph at lines 117--120
\T1/pplx/m/n/10 (+20) Stackoverflow main site has 6,833,276 users, while
 []

<user2.png, id=65, 471.7625pt x 302.12875pt>
File: user2.png Graphic file (type png)
 <use user2.png>
Package pdftex.def Info: user2.png used on input line 124.
(pdftex.def)             Requested size: 211.57147pt x 135.49567pt.

<user1.png, id=66, 851.18pt x 485.815pt>
File: user1.png Graphic file (type png)
 <use user1.png>
Package pdftex.def Info: user1.png used on input line 129.
(pdftex.def)             Requested size: 211.57147pt x 120.74922pt.

Underfull \vbox (badness 5862) has occurred while \output is active []

 [2 <./link1.png> <./link2.png> <./user2.png>] <user3.png, id=76, 554.07pt x 38
8.45125pt>
File: user3.png Graphic file (type png)

<use user3.png>
Package pdftex.def Info: user3.png used on input line 140.
(pdftex.def)             Requested size: 211.57147pt x 148.3302pt.

Underfull \vbox (badness 10000) has occurred while \output is active []


<coreuser.png, id=77, 768.8725pt x 429.605pt>
File: coreuser.png Graphic file (type png)
 <use coreuser.png>
Package pdftex.def Info: coreuser.png used on input line 150.
(pdftex.def)             Requested size: 222.15247pt x 124.12338pt.

<coreuser1.png, id=78, 363.3575pt x 219.82124pt>
File: coreuser1.png Graphic file (type png)
 <use coreuser1.png>
Package pdftex.def Info: coreuser1.png used on input line 155.
(pdftex.def)             Requested size: 222.15247pt x 134.39934pt.

<coreuser2.png, id=79, 356.33125pt x 214.8025pt>
File: coreuser2.png Graphic file (type png)
 <use coreuser2.png>
Package pdftex.def Info: coreuser2.png used on input line 157.
(pdftex.def)             Requested size: 222.15247pt x 133.9169pt.
 [3 <./user1.png> <./user3.png> <./coreuser.png>]
Overfull \hbox (29.05432pt too wide) detected at line 165
\OML/zplm/m/it/10 f\OT1/zplm/m/n/10 (\OML/zplm/m/it/10 x\OT1/zplm/m/n/10 ) = []

 []

<ratiochart1.png, id=90, 631.35875pt x 433.62pt>
File: ratiochart1.png Graphic file (type png)
 <use ratiochart1.png>
Package pdftex.def Info: ratiochart1.png used on input line 171.
(pdftex.def)             Requested size: 256.8751pt x 176.42235pt.

<ratiochart2.png, id=91, 647.41875pt x 411.5375pt>
File: ratiochart2.png Graphic file (type png)
 <use ratiochart2.png>
Package pdftex.def Info: ratiochart2.png used on input line 174.
(pdftex.def)             Requested size: 256.8751pt x 163.2871pt.

Overfull \hbox (6.13675pt too wide) in paragraph at lines 171--175
 [][] 
 []


Overfull \hbox (3.22675pt too wide) in paragraph at lines 171--175
 [][] 
 []

<test1.png, id=92, 319.1925pt x 202.7575pt>
File: test1.png Graphic file (type png)
 <use test1.png>
Package pdftex.def Info: test1.png used on input line 186.
(pdftex.def)             Requested size: 181.62706pt x 115.37187pt.

<test2.png, id=93, 302.12875pt x 203.76125pt>
File: test2.png Graphic file (type png)
 <use test2.png>
Package pdftex.def Info: test2.png used on input line 189.
(pdftex.def)             Requested size: 181.62706pt x 122.49086pt.

<test3.png, id=94, 307.1475pt x 206.7725pt>
File: test3.png Graphic file (type png)
 <use test3.png>
Package pdftex.def Info: test3.png used on input line 192.
(pdftex.def)             Requested size: 181.62706pt x 122.27235pt.

Underfull \vbox (badness 10000) has occurred while \output is active []

 [4 <./coreuser1.png> <./coreuser2.png> <./ratiochart1.png> <./ratiochart2.png>
]
<useractivity_post2.png, id=108, 326.21875pt x 216.81pt>
File: useractivity_post2.png Graphic file (type png)

<use useractivity_post2.png>
Package pdftex.def Info: useractivity_post2.png used on input line 198.
(pdftex.def)             Requested size: 222.15247pt x 147.6505pt.

Underfull \vbox (badness 10000) has occurred while \output is active []


<example1.png, id=109, 727.518pt x 464.33475pt>
File: example1.png Graphic file (type png)
 <use example1.png>
Package pdftex.def Info: example1.png used on input line 208.
(pdftex.def)             Requested size: 181.62706pt x 115.92044pt.

<example2.png, id=110, 719.0865pt x 472.76625pt>
File: example2.png Graphic file (type png)
 <use example2.png>
Package pdftex.def Info: example2.png used on input line 211.
(pdftex.def)             Requested size: 181.62706pt x 119.4104pt.

<example3.png, id=111, 711.8595pt x 475.7775pt>
File: example3.png Graphic file (type png)
 <use example3.png>
Package pdftex.def Info: example3.png used on input line 214.
(pdftex.def)             Requested size: 181.62706pt x 121.39061pt.

<example4.png, id=112, 707.64375pt x 472.76625pt>
File: example4.png Graphic file (type png)
 <use example4.png>
Package pdftex.def Info: example4.png used on input line 217.
(pdftex.def)             Requested size: 181.62706pt x 121.33649pt.

<example5.png, id=113, 704.03024pt x 471.56175pt>
File: example5.png Graphic file (type png)
 <use example5.png>
Package pdftex.def Info: example5.png used on input line 225.
(pdftex.def)             Requested size: 181.62706pt x 121.65335pt.

<example6.png, id=114, 695.59875pt x 456.5055pt>
File: example6.png Graphic file (type png)
 <use example6.png>
Package pdftex.def Info: example6.png used on input line 228.
(pdftex.def)             Requested size: 181.62706pt x 119.19711pt.

<example7.png, id=115, 688.37175pt x 461.92575pt>
File: example7.png Graphic file (type png)
 <use example7.png>
Package pdftex.def Info: example7.png used on input line 231.
(pdftex.def)             Requested size: 181.62706pt x 121.8811pt.

<example8.png, id=116, 702.82574pt x 457.71pt>
File: example8.png Graphic file (type png)
 <use example8.png>
Package pdftex.def Info: example8.png used on input line 234.
(pdftex.def)             Requested size: 181.62706pt x 118.28242pt.

Underfull \vbox (badness 10000) has occurred while \output is active []

 [5 <./test1.png> <./test2.png> <./test3.png> <./useractivity_post2.png>]
Underfull \vbox (badness 10000) has occurred while \output is active []


Underfull \vbox (badness 10000) has occurred while \output is active []

 [6 <./example1.png> <./example2.png> <./example3.png> <./example4.png> <./exam
ple5.png> <./example6.png> <./example7.png> <./example8.png>]
<comment.png, id=152, 540.0175pt x 370.38374pt>
File: comment.png Graphic file (type png)
 <use comment.png>
Package pdftex.def Info: comment.png used on input line 249.
(pdftex.def)             Requested size: 256.8751pt x 176.18842pt.

<comment1.png, id=153, 602.25pt x 408.52625pt>
File: comment1.png Graphic file (type png)
 <use comment1.png>
Package pdftex.def Info: comment1.png used on input line 252.
(pdftex.def)             Requested size: 256.8751pt x 174.25406pt.

Overfull \hbox (3.22675pt too wide) in paragraph at lines 249--253
 [][] 
 []


Overfull \hbox (3.22675pt too wide) in paragraph at lines 249--253
 [][] 
 []


Underfull \vbox (badness 10000) has occurred while \output is active []


<commentcompare1.png, id=154, 360.34625pt x 227.85126pt>
File: commentcompare1.png Graphic file (type png)

<use commentcompare1.png>
Package pdftex.def Info: commentcompare1.png used on input line 264.
(pdftex.def)             Requested size: 207.57549pt x 131.24986pt.
 <commentcompare2.png, id=155, 389.455pt x 264.99pt>
File: commentcompare2.png Graphic file (type png)

<use commentcompare2.png>
Package pdftex.def Info: commentcompare2.png used on input line 267.
(pdftex.def)             Requested size: 207.57549pt x 141.23653pt.

Underfull \vbox (badness 10000) has occurred while \output is active []

 [7 <./comment.png> <./comment1.png>]
<commentratio1.png, id=166, 623.32875pt x 436.63126pt>
File: commentratio1.png Graphic file (type png)
 <use commentratio1.png>
Package pdftex.def Info: commentratio1.png used on input line 279.
(pdftex.def)             Requested size: 207.57549pt x 145.40126pt.

<commentratio2.png, id=167, 565.11125pt x 427.5975pt>
File: commentratio2.png Graphic file (type png)
 <use commentratio2.png>
Package pdftex.def Info: commentratio2.png used on input line 282.
(pdftex.def)             Requested size: 207.57549pt x 157.06026pt.

Underfull \vbox (badness 10000) has occurred while \output is active []


<commentexample1.png, id=168, 708.84825pt x 458.31226pt>
File: commentexample1.png Graphic file (type png)

<use commentexample1.png>
Package pdftex.def Info: commentexample1.png used on input line 296.
(pdftex.def)             Requested size: 181.62706pt x 117.43103pt.

<commentexample2.png, id=169, 706.43925pt x 449.88075pt>
File: commentexample2.png Graphic file (type png)

<use commentexample2.png>
Package pdftex.def Info: commentexample2.png used on input line 299.
(pdftex.def)             Requested size: 181.62706pt x 115.66196pt.

<commentexample3.png, id=170, 705.23476pt x 458.9145pt>
File: commentexample3.png Graphic file (type png)

<use commentexample3.png>
Package pdftex.def Info: commentexample3.png used on input line 302.
(pdftex.def)             Requested size: 181.62706pt x 118.18755pt.

<commentexample4.png, id=171, 688.974pt x 461.92575pt>
File: commentexample4.png Graphic file (type png)

<use commentexample4.png>
Package pdftex.def Info: commentexample4.png used on input line 305.
(pdftex.def)             Requested size: 181.62706pt x 121.76833pt.

<commentexample5.png, id=172, 696.80325pt x 454.0965pt>
File: commentexample5.png Graphic file (type png)

<use commentexample5.png>
Package pdftex.def Info: commentexample5.png used on input line 313.
(pdftex.def)             Requested size: 181.62706pt x 118.36024pt.

<commentexample6.png, id=173, 682.9515pt x 450.483pt>
File: commentexample6.png Graphic file (type png)

<use commentexample6.png>
Package pdftex.def Info: commentexample6.png used on input line 316.
(pdftex.def)             Requested size: 181.62706pt x 119.80359pt.

<commentexample7.png, id=174, 690.78075pt x 449.88075pt>
File: commentexample7.png Graphic file (type png)

<use commentexample7.png>
Package pdftex.def Info: commentexample7.png used on input line 319.
(pdftex.def)             Requested size: 181.62706pt x 118.28424pt.

<commentexample8.png, id=175, 700.41675pt x 458.31226pt>
File: commentexample8.png Graphic file (type png)

<use commentexample8.png>
Package pdftex.def Info: commentexample8.png used on input line 322.
(pdftex.def)             Requested size: 181.62706pt x 118.84367pt.

Underfull \vbox (badness 10000) has occurred while \output is active []

 [8 <./commentcompare1.png> <./commentcompare2.png> <./commentratio1.png> <./co
mmentratio2.png>]
Underfull \vbox (badness 10000) has occurred while \output is active []


<tag_frequency.png, id=190, 523.9575pt x 328.22626pt>
File: tag_frequency.png Graphic file (type png)
 <use tag_frequency.png>
Package pdftex.def Info: tag_frequency.png used on input line 332.
(pdftex.def)             Requested size: 254.27788pt x 159.2897pt.

[9 <./commentexample1.png> <./commentexample2.png> <./commentexample3.png> <./c
ommentexample4.png> <./commentexample5.png> <./commentexample6.png> <./commente
xample7.png> <./commentexample8.png>]
<stackfre.png, id=214, 289.68225pt x 436.029pt>
File: stackfre.png Graphic file (type png)
 <use stackfre.png>
Package pdftex.def Info: stackfre.png used on input line 342.
(pdftex.def)             Requested size: 181.62706pt x 273.38902pt.

<russianfre.png, id=215, 290.88675pt x 434.22224pt>
File: russianfre.png Graphic file (type png)
 <use russianfre.png>
Package pdftex.def Info: russianfre.png used on input line 345.
(pdftex.def)             Requested size: 181.62706pt x 271.12982pt.

<overlapfre.png, id=216, 414.348pt x 227.6505pt>
File: overlapfre.png Graphic file (type png)
 <use overlapfre.png>
Package pdftex.def Info: overlapfre.png used on input line 348.
(pdftex.def)             Requested size: 181.62706pt x 99.78789pt.

Underfull \vbox (badness 10000) has occurred while \output is active []


Overfull \vbox (71.07562pt too high) has occurred while \output is active []


[10 <./tag_frequency.png> <./stackfre.png> <./russianfre.png> <./overlapfre.png
>] <notoverlap.png, id=230, 478.78876pt x 202.356pt>
File: notoverlap.png Graphic file (type png)
 <use notoverlap.png>
Package pdftex.def Info: notoverlap.png used on input line 357.
(pdftex.def)             Requested size: 181.62706pt x 76.7633pt.
Package atveryend Info: Empty hook `BeforeClearDocument' on input line 367.

[11

 <./notoverlap.png>]
Package atveryend Info: Empty hook `AfterLastShipout' on input line 367.
 (./analysis.aux)
Package atveryend Info: Executing hook `AtVeryEndDocument' on input line 367.
Package atveryend Info: Executing hook `AtEndAfterFileList' on input line 367.
Package rerunfilecheck Info: File `analysis.out' has not changed.
(rerunfilecheck)             Checksum: F2533710A21369A06A3B992018BB52D5;541.


LaTeX Font Warning: Some font shapes were not available, defaults substituted.


LaTeX Warning: There were multiply-defined labels.

Package atveryend Info: Empty hook `AtVeryVeryEnd' on input line 367.
 ) 
Here is how much of TeX's memory you used:
 10393 strings out of 493014
 160741 string characters out of 6133351
 285205 words of memory out of 5000000
 13459 multiletter control sequences out of 15000+600000
 53310 words of font info for 218 fonts, out of 8000000 for 9000
 1141 hyphenation exceptions out of 8191
 36i,11n,43p,830b,368s stack positions out of 5000i,500n,10000p,200000b,80000s
{/usr/local/texlive/2016/texmf-dist/fonts/enc/dvips/base/8r.enc}</usr/local/t
exlive/2016/texmf-dist/fonts/type1/public/amsfonts/cm/cmr10.pfb></usr/local/tex
live/2016/texmf-dist/fonts/type1/public/amsfonts/cm/cmsy10.pfb></usr/local/texl
ive/2016/texmf-dist/fonts/type1/public/fpl/fplrc8a.pfb></usr/local/texlive/2016
/texmf-dist/fonts/type1/urw/palatino/uplb8a.pfb></usr/local/texlive/2016/texmf-
dist/fonts/type1/urw/palatino/uplr8a.pfb></usr/local/texlive/2016/texmf-dist/fo
nts/type1/urw/palatino/uplri8a.pfb>
Output written on analysis.pdf (11 pages, 1109724 bytes).
PDF statistics:
 279 PDF objects out of 1000 (max. 8388607)
 174 compressed objects within 2 object streams
 74 named destinations out of 1000 (max. 500000)
 45867 words of extra memory for PDF output out of 51595 (max. 10000000)

